\BOOKMARK [1][-]{section.1}{\376\377\000I\000N\000T\000R\000O\000D\000U\000C\000T\000I\000O\000N}{}% 1
\BOOKMARK [1][-]{section.2}{\376\377\000A\000I\000M}{}% 2
\BOOKMARK [1][-]{section.3}{\376\377\000C\000O\000M\000P\000O\000N\000E\000N\000T\000S\000\040\000R\000E\000Q\000U\000I\000R\000E\000D}{}% 3
\BOOKMARK [1][-]{section.4}{\376\377\000T\000H\000E\000O\000R\000Y\000\040\000A\000N\000D\000\040\000M\000A\000T\000H\000E\000M\000A\000T\000I\000C\000A\000L\000\040\000B\000A\000C\000K\000G\000R\000O\000U\000N\000D}{}% 4
\BOOKMARK [2][-]{subsection.4.1}{\376\377\000P\000T\000-\0001\0000\0000\000\040\000S\000e\000n\000s\000o\000r\000\040\000C\000h\000a\000r\000a\000c\000t\000e\000r\000i\000s\000t\000i\000c\000s}{section.4}% 5
\BOOKMARK [2][-]{subsection.4.2}{\376\377\000S\000i\000g\000n\000a\000l\000\040\000C\000o\000n\000d\000i\000t\000i\000o\000n\000i\000n\000g\000\040\000u\000s\000i\000n\000g\000\040\000W\000h\000e\000a\000t\000s\000t\000o\000n\000e\000\040\000B\000r\000i\000d\000g\000e}{section.4}% 6
\BOOKMARK [2][-]{subsection.4.3}{\376\377\000L\000e\000a\000s\000t\000\040\000S\000q\000u\000a\000r\000e\000s\000\040\000R\000e\000g\000r\000e\000s\000s\000i\000o\000n\000\040\000M\000e\000t\000h\000o\000d}{section.4}% 7
\BOOKMARK [1][-]{section.5}{\376\377\000E\000X\000P\000E\000R\000I\000M\000E\000N\000T\000A\000L\000\040\000P\000R\000O\000C\000E\000D\000U\000R\000E}{}% 8
\BOOKMARK [2][-]{subsection.5.1}{\376\377\000D\000a\000t\000a\000\040\000C\000o\000l\000l\000e\000c\000t\000i\000o\000n\000\040\000P\000h\000a\000s\000e}{section.5}% 9
\BOOKMARK [2][-]{subsection.5.2}{\376\377\000C\000i\000r\000c\000u\000i\000t\000\040\000S\000e\000t\000u\000p}{section.5}% 10
\BOOKMARK [3][-]{subsubsection.5.2.1}{\376\377\000H\000a\000r\000d\000w\000a\000r\000e\000\040\000C\000o\000n\000f\000i\000g\000u\000r\000a\000t\000i\000o\000n}{subsection.5.2}% 11
\BOOKMARK [2][-]{subsection.5.3}{\376\377\000C\000a\000l\000i\000b\000r\000a\000t\000i\000o\000n\000\040\000D\000a\000t\000a\000\040\000P\000o\000i\000n\000t\000s}{section.5}% 12
\BOOKMARK [1][-]{section.6}{\376\377\000S\000O\000F\000T\000W\000A\000R\000E\000\040\000I\000M\000P\000L\000E\000M\000E\000N\000T\000A\000T\000I\000O\000N}{}% 13
\BOOKMARK [2][-]{subsection.6.1}{\376\377\000P\000y\000t\000h\000o\000n\000\040\000C\000a\000l\000i\000b\000r\000a\000t\000i\000o\000n\000\040\000C\000o\000d\000e}{section.6}% 14
\BOOKMARK [2][-]{subsection.6.2}{\376\377\000A\000r\000d\000u\000i\000n\000o\000\040\000I\000m\000p\000l\000e\000m\000e\000n\000t\000a\000t\000i\000o\000n}{section.6}% 15
\BOOKMARK [1][-]{section.7}{\376\377\000R\000E\000S\000U\000L\000T\000S\000\040\000A\000N\000D\000\040\000A\000N\000A\000L\000Y\000S\000I\000S}{}% 16
\BOOKMARK [2][-]{subsection.7.1}{\376\377\000R\000e\000g\000r\000e\000s\000s\000i\000o\000n\000\040\000C\000o\000e\000f\000f\000i\000c\000i\000e\000n\000t\000s}{section.7}% 17
\BOOKMARK [2][-]{subsection.7.2}{\376\377\000C\000a\000l\000i\000b\000r\000a\000t\000i\000o\000n\000\040\000C\000u\000r\000v\000e\000\040\000V\000i\000s\000u\000a\000l\000i\000z\000a\000t\000i\000o\000n}{section.7}% 18
\BOOKMARK [2][-]{subsection.7.3}{\376\377\000V\000a\000l\000i\000d\000a\000t\000i\000o\000n\000\040\000D\000a\000t\000a\000s\000e\000t}{section.7}% 19
\BOOKMARK [2][-]{subsection.7.4}{\376\377\000V\000a\000l\000i\000d\000a\000t\000i\000o\000n\000\040\000C\000u\000r\000v\000e\000\040\000V\000i\000s\000u\000a\000l\000i\000z\000a\000t\000i\000o\000n}{section.7}% 20
\BOOKMARK [2][-]{subsection.7.5}{\376\377\000E\000r\000r\000o\000r\000\040\000A\000n\000a\000l\000y\000s\000i\000s}{section.7}% 21
\BOOKMARK [3][-]{subsubsection.7.5.1}{\376\377\000P\000e\000r\000f\000o\000r\000m\000a\000n\000c\000e\000\040\000M\000e\000t\000r\000i\000c\000s}{subsection.7.5}% 22
\BOOKMARK [3][-]{subsubsection.7.5.2}{\376\377\000E\000r\000r\000o\000r\000\040\000S\000o\000u\000r\000c\000e\000s\000\040\000a\000n\000d\000\040\000M\000i\000t\000i\000g\000a\000t\000i\000o\000n}{subsection.7.5}% 23
\BOOKMARK [1][-]{section.8}{\376\377\000C\000O\000N\000C\000L\000U\000S\000I\000O\000N\000S}{}% 24
\BOOKMARK [2][-]{subsection.8.1}{\376\377\000P\000r\000o\000j\000e\000c\000t\000\040\000S\000u\000m\000m\000a\000r\000y}{section.8}% 25
\BOOKMARK [2][-]{subsection.8.2}{\376\377\000A\000d\000v\000a\000n\000t\000a\000g\000e\000s\000\040\000o\000f\000\040\000t\000h\000e\000\040\000S\000y\000s\000t\000e\000m}{section.8}% 26
\BOOKMARK [2][-]{subsection.8.3}{\376\377\000F\000u\000t\000u\000r\000e\000\040\000E\000n\000h\000a\000n\000c\000e\000m\000e\000n\000t\000s}{section.8}% 27
\BOOKMARK [2][-]{subsection.8.4}{\376\377\000A\000p\000p\000l\000i\000c\000a\000t\000i\000o\000n\000s}{section.8}% 28
\BOOKMARK [1][-]{section.9}{\376\377\000R\000E\000F\000E\000R\000E\000N\000C\000E\000S}{}% 29
